<?xml version="1.0" encoding="UTF-8"?>
<testng-results ignored="0" total="11" passed="11" failed="0" skipped="0">
  <reporter-output>
  </reporter-output>
  <suite started-at="2024-03-18T19:27:57 IST" name="Surefire suite" finished-at="2024-03-18T19:35:00 IST" duration-ms="423295">
    <groups>
    </groups>
    <test started-at="2024-03-18T19:27:57 IST" name="Surefire test" finished-at="2024-03-18T19:35:00 IST" duration-ms="423295">
      <class name="com.crm.qa.testcases.HomePageTest">
        <test-method is-config="true" signature="setup()[pri:0, instance:com.crm.qa.testcases.HomePageTest@4b5d6a01]" started-at="2024-03-18T19:33:10 IST" name="setup" finished-at="2024-03-18T19:33:42 IST" duration-ms="31922" status="PASS">
          <reporter-output>
          </reporter-output>
        </test-method> <!-- setup -->
        <test-method signature="verifyHomePageTitleTest()[pri:2, instance:com.crm.qa.testcases.HomePageTest@4b5d6a01]" started-at="2024-03-18T19:33:42 IST" name="verifyHomePageTitleTest" finished-at="2024-03-18T19:33:42 IST" duration-ms="8" status="PASS">
          <reporter-output>
          </reporter-output>
        </test-method> <!-- verifyHomePageTitleTest -->
        <test-method is-config="true" signature="tearDown()[pri:0, instance:com.crm.qa.testcases.HomePageTest@4b5d6a01]" started-at="2024-03-18T19:33:42 IST" name="tearDown" finished-at="2024-03-18T19:33:42 IST" duration-ms="185" status="PASS">
          <reporter-output>
          </reporter-output>
        </test-method> <!-- tearDown -->
        <test-method is-config="true" signature="setup()[pri:0, instance:com.crm.qa.testcases.HomePageTest@4b5d6a01]" started-at="2024-03-18T19:33:42 IST" name="setup" finished-at="2024-03-18T19:34:09 IST" duration-ms="27010" status="PASS">
          <reporter-output>
          </reporter-output>
        </test-method> <!-- setup -->
        <test-method signature="verifyUserNameTest()[pri:3, instance:com.crm.qa.testcases.HomePageTest@4b5d6a01]" started-at="2024-03-18T19:34:09 IST" name="verifyUserNameTest" finished-at="2024-03-18T19:34:09 IST" duration-ms="88" status="PASS">
          <reporter-output>
          </reporter-output>
        </test-method> <!-- verifyUserNameTest -->
        <test-method is-config="true" signature="tearDown()[pri:0, instance:com.crm.qa.testcases.HomePageTest@4b5d6a01]" started-at="2024-03-18T19:34:09 IST" name="tearDown" finished-at="2024-03-18T19:34:09 IST" duration-ms="166" status="PASS">
          <reporter-output>
          </reporter-output>
        </test-method> <!-- tearDown -->
        <test-method is-config="true" signature="setup()[pri:0, instance:com.crm.qa.testcases.HomePageTest@4b5d6a01]" started-at="2024-03-18T19:34:09 IST" name="setup" finished-at="2024-03-18T19:34:35 IST" duration-ms="25491" status="PASS">
          <reporter-output>
          </reporter-output>
        </test-method> <!-- setup -->
        <test-method signature="verifyContactsLinkTest()[pri:4, instance:com.crm.qa.testcases.HomePageTest@4b5d6a01]" started-at="2024-03-18T19:34:35 IST" name="verifyContactsLinkTest" finished-at="2024-03-18T19:34:38 IST" duration-ms="3239" status="PASS">
          <reporter-output>
          </reporter-output>
        </test-method> <!-- verifyContactsLinkTest -->
        <test-method is-config="true" signature="tearDown()[pri:0, instance:com.crm.qa.testcases.HomePageTest@4b5d6a01]" started-at="2024-03-18T19:34:38 IST" name="tearDown" finished-at="2024-03-18T19:34:38 IST" duration-ms="211" status="PASS">
          <reporter-output>
          </reporter-output>
        </test-method> <!-- tearDown -->
      </class> <!-- com.crm.qa.testcases.HomePageTest -->
      <class name="com.crm.qa.testcases.ContactsPageTest">
        <test-method is-config="true" signature="setup()[pri:0, instance:com.crm.qa.testcases.ContactsPageTest@419c5f1a]" started-at="2024-03-18T19:27:57 IST" name="setup" finished-at="2024-03-18T19:28:11 IST" duration-ms="14218" status="PASS">
          <reporter-output>
          </reporter-output>
        </test-method> <!-- setup -->
        <test-method is-config="true" signature="setUp()[pri:0, instance:com.crm.qa.testcases.ContactsPageTest@419c5f1a]" started-at="2024-03-18T19:28:11 IST" name="setUp" finished-at="2024-03-18T19:28:41 IST" duration-ms="29678" status="PASS">
          <reporter-output>
          </reporter-output>
        </test-method> <!-- setUp -->
        <test-method signature="verifyContactsPageLabel()[pri:1, instance:com.crm.qa.testcases.ContactsPageTest@419c5f1a]" started-at="2024-03-18T19:28:41 IST" name="verifyContactsPageLabel" finished-at="2024-03-18T19:28:41 IST" duration-ms="44" status="PASS">
          <reporter-output>
          </reporter-output>
        </test-method> <!-- verifyContactsPageLabel -->
        <test-method is-config="true" signature="tearDown(org.testng.ITestResult)[pri:0, instance:com.crm.qa.testcases.ContactsPageTest@419c5f1a]" started-at="2024-03-18T19:28:41 IST" name="tearDown" finished-at="2024-03-18T19:28:41 IST" duration-ms="163" status="PASS">
          <params>
            <param index="0">
              <value>
                <![CDATA[[TestResult name=verifyContactsPageLabel status=SUCCESS method=ContactsPageTest.verifyContactsPageLabel()[pri:1, instance:com.crm.qa.testcases.ContactsPageTest@419c5f1a] output={null}]]]>
              </value>
            </param>
          </params>
          <reporter-output>
          </reporter-output>
        </test-method> <!-- tearDown -->
        <test-method is-config="true" signature="setup()[pri:0, instance:com.crm.qa.testcases.ContactsPageTest@419c5f1a]" started-at="2024-03-18T19:28:41 IST" name="setup" finished-at="2024-03-18T19:28:51 IST" duration-ms="10431" status="PASS">
          <reporter-output>
          </reporter-output>
        </test-method> <!-- setup -->
        <test-method is-config="true" signature="setUp()[pri:0, instance:com.crm.qa.testcases.ContactsPageTest@419c5f1a]" started-at="2024-03-18T19:28:51 IST" name="setUp" finished-at="2024-03-18T19:29:22 IST" duration-ms="30584" status="PASS">
          <reporter-output>
          </reporter-output>
        </test-method> <!-- setUp -->
        <test-method signature="selectSingleContactsTest()[pri:2, instance:com.crm.qa.testcases.ContactsPageTest@419c5f1a]" started-at="2024-03-18T19:29:22 IST" name="selectSingleContactsTest" finished-at="2024-03-18T19:29:22 IST" duration-ms="107" status="PASS">
          <reporter-output>
          </reporter-output>
        </test-method> <!-- selectSingleContactsTest -->
        <test-method is-config="true" signature="tearDown(org.testng.ITestResult)[pri:0, instance:com.crm.qa.testcases.ContactsPageTest@419c5f1a]" started-at="2024-03-18T19:29:22 IST" name="tearDown" finished-at="2024-03-18T19:29:22 IST" duration-ms="170" status="PASS">
          <params>
            <param index="0">
              <value>
                <![CDATA[[TestResult name=selectSingleContactsTest status=SUCCESS method=ContactsPageTest.selectSingleContactsTest()[pri:2, instance:com.crm.qa.testcases.ContactsPageTest@419c5f1a] output={null}]]]>
              </value>
            </param>
          </params>
          <reporter-output>
          </reporter-output>
        </test-method> <!-- tearDown -->
        <test-method is-config="true" signature="setup()[pri:0, instance:com.crm.qa.testcases.ContactsPageTest@419c5f1a]" started-at="2024-03-18T19:29:22 IST" name="setup" finished-at="2024-03-18T19:29:33 IST" duration-ms="10651" status="PASS">
          <reporter-output>
          </reporter-output>
        </test-method> <!-- setup -->
        <test-method is-config="true" signature="setUp()[pri:0, instance:com.crm.qa.testcases.ContactsPageTest@419c5f1a]" started-at="2024-03-18T19:29:33 IST" name="setUp" finished-at="2024-03-18T19:30:01 IST" duration-ms="28365" status="PASS">
          <reporter-output>
          </reporter-output>
        </test-method> <!-- setUp -->
        <test-method signature="selectMultipleContactsTest()[pri:3, instance:com.crm.qa.testcases.ContactsPageTest@419c5f1a]" started-at="2024-03-18T19:30:01 IST" name="selectMultipleContactsTest" finished-at="2024-03-18T19:30:01 IST" duration-ms="202" status="PASS">
          <reporter-output>
          </reporter-output>
        </test-method> <!-- selectMultipleContactsTest -->
        <test-method is-config="true" signature="tearDown(org.testng.ITestResult)[pri:0, instance:com.crm.qa.testcases.ContactsPageTest@419c5f1a]" started-at="2024-03-18T19:30:01 IST" name="tearDown" finished-at="2024-03-18T19:30:02 IST" duration-ms="177" status="PASS">
          <params>
            <param index="0">
              <value>
                <![CDATA[[TestResult name=selectMultipleContactsTest status=SUCCESS method=ContactsPageTest.selectMultipleContactsTest()[pri:3, instance:com.crm.qa.testcases.ContactsPageTest@419c5f1a] output={null}]]]>
              </value>
            </param>
          </params>
          <reporter-output>
          </reporter-output>
        </test-method> <!-- tearDown -->
        <test-method is-config="true" signature="setup()[pri:0, instance:com.crm.qa.testcases.ContactsPageTest@419c5f1a]" started-at="2024-03-18T19:30:02 IST" name="setup" finished-at="2024-03-18T19:30:13 IST" duration-ms="10684" status="PASS">
          <reporter-output>
          </reporter-output>
        </test-method> <!-- setup -->
        <test-method is-config="true" signature="setUp()[pri:0, instance:com.crm.qa.testcases.ContactsPageTest@419c5f1a]" started-at="2024-03-18T19:30:13 IST" name="setUp" finished-at="2024-03-18T19:30:47 IST" duration-ms="33964" status="PASS">
          <reporter-output>
          </reporter-output>
        </test-method> <!-- setUp -->
        <test-method signature="validateCreateNewContact(java.lang.String,java.lang.String,java.lang.String,java.lang.String)[pri:4, instance:com.crm.qa.testcases.ContactsPageTest@419c5f1a]" started-at="2024-03-18T19:30:47 IST" name="validateCreateNewContact" data-provider="getCRMTestData" finished-at="2024-03-18T19:31:07 IST" duration-ms="20098" status="PASS">
          <params>
            <param index="0">
              <value>
                <![CDATA[Mr]]>
              </value>
            </param>
            <param index="1">
              <value>
                <![CDATA[Tom]]>
              </value>
            </param>
            <param index="2">
              <value>
                <![CDATA[Peter]]>
              </value>
            </param>
            <param index="3">
              <value>
                <![CDATA[Google]]>
              </value>
            </param>
          </params>
          <reporter-output>
          </reporter-output>
        </test-method> <!-- validateCreateNewContact -->
        <test-method is-config="true" signature="tearDown(org.testng.ITestResult)[pri:0, instance:com.crm.qa.testcases.ContactsPageTest@419c5f1a]" started-at="2024-03-18T19:31:07 IST" name="tearDown" finished-at="2024-03-18T19:31:07 IST" duration-ms="230" status="PASS">
          <params>
            <param index="0">
              <value>
                <![CDATA[[TestResult name=validateCreateNewContact status=SUCCESS method=ContactsPageTest.validateCreateNewContact(java.lang.String,java.lang.String,java.lang.String,java.lang.String)[pri:4, instance:com.crm.qa.testcases.ContactsPageTest@419c5f1a] output={null}]]]>
              </value>
            </param>
          </params>
          <reporter-output>
          </reporter-output>
        </test-method> <!-- tearDown -->
        <test-method is-config="true" signature="setup()[pri:0, instance:com.crm.qa.testcases.ContactsPageTest@419c5f1a]" started-at="2024-03-18T19:31:07 IST" name="setup" finished-at="2024-03-18T19:31:18 IST" duration-ms="10818" status="PASS">
          <reporter-output>
          </reporter-output>
        </test-method> <!-- setup -->
        <test-method is-config="true" signature="setUp()[pri:0, instance:com.crm.qa.testcases.ContactsPageTest@419c5f1a]" started-at="2024-03-18T19:31:18 IST" name="setUp" finished-at="2024-03-18T19:31:46 IST" duration-ms="28247" status="PASS">
          <reporter-output>
          </reporter-output>
        </test-method> <!-- setUp -->
        <test-method signature="validateCreateNewContact(java.lang.String,java.lang.String,java.lang.String,java.lang.String)[pri:4, instance:com.crm.qa.testcases.ContactsPageTest@419c5f1a]" started-at="2024-03-18T19:31:46 IST" name="validateCreateNewContact" data-provider="getCRMTestData" finished-at="2024-03-18T19:32:06 IST" duration-ms="20086" status="PASS">
          <params>
            <param index="0">
              <value>
                <![CDATA[Dr]]>
              </value>
            </param>
            <param index="1">
              <value>
                <![CDATA[David]]>
              </value>
            </param>
            <param index="2">
              <value>
                <![CDATA[Cris]]>
              </value>
            </param>
            <param index="3">
              <value>
                <![CDATA[Amazon]]>
              </value>
            </param>
          </params>
          <reporter-output>
          </reporter-output>
        </test-method> <!-- validateCreateNewContact -->
        <test-method is-config="true" signature="tearDown(org.testng.ITestResult)[pri:0, instance:com.crm.qa.testcases.ContactsPageTest@419c5f1a]" started-at="2024-03-18T19:32:06 IST" name="tearDown" finished-at="2024-03-18T19:32:07 IST" duration-ms="189" status="PASS">
          <params>
            <param index="0">
              <value>
                <![CDATA[[TestResult name=validateCreateNewContact status=SUCCESS method=ContactsPageTest.validateCreateNewContact(java.lang.String,java.lang.String,java.lang.String,java.lang.String)[pri:4, instance:com.crm.qa.testcases.ContactsPageTest@419c5f1a] output={null}]]]>
              </value>
            </param>
          </params>
          <reporter-output>
          </reporter-output>
        </test-method> <!-- tearDown -->
        <test-method is-config="true" signature="setup()[pri:0, instance:com.crm.qa.testcases.ContactsPageTest@419c5f1a]" started-at="2024-03-18T19:32:07 IST" name="setup" finished-at="2024-03-18T19:32:20 IST" duration-ms="13114" status="PASS">
          <reporter-output>
          </reporter-output>
        </test-method> <!-- setup -->
        <test-method is-config="true" signature="setUp()[pri:0, instance:com.crm.qa.testcases.ContactsPageTest@419c5f1a]" started-at="2024-03-18T19:32:20 IST" name="setUp" finished-at="2024-03-18T19:32:49 IST" duration-ms="29696" status="PASS">
          <reporter-output>
          </reporter-output>
        </test-method> <!-- setUp -->
        <test-method signature="validateCreateNewContact(java.lang.String,java.lang.String,java.lang.String,java.lang.String)[pri:4, instance:com.crm.qa.testcases.ContactsPageTest@419c5f1a]" started-at="2024-03-18T19:32:49 IST" name="validateCreateNewContact" data-provider="getCRMTestData" finished-at="2024-03-18T19:33:09 IST" duration-ms="20084" status="PASS">
          <params>
            <param index="0">
              <value>
                <![CDATA[Mrs]]>
              </value>
            </param>
            <param index="1">
              <value>
                <![CDATA[Mukta]]>
              </value>
            </param>
            <param index="2">
              <value>
                <![CDATA[Sharma]]>
              </value>
            </param>
            <param index="3">
              <value>
                <![CDATA[Ebay]]>
              </value>
            </param>
          </params>
          <reporter-output>
          </reporter-output>
        </test-method> <!-- validateCreateNewContact -->
        <test-method is-config="true" signature="tearDown(org.testng.ITestResult)[pri:0, instance:com.crm.qa.testcases.ContactsPageTest@419c5f1a]" started-at="2024-03-18T19:33:09 IST" name="tearDown" finished-at="2024-03-18T19:33:10 IST" duration-ms="231" status="PASS">
          <params>
            <param index="0">
              <value>
                <![CDATA[[TestResult name=validateCreateNewContact status=SUCCESS method=ContactsPageTest.validateCreateNewContact(java.lang.String,java.lang.String,java.lang.String,java.lang.String)[pri:4, instance:com.crm.qa.testcases.ContactsPageTest@419c5f1a] output={null}]]]>
              </value>
            </param>
          </params>
          <reporter-output>
          </reporter-output>
        </test-method> <!-- tearDown -->
      </class> <!-- com.crm.qa.testcases.ContactsPageTest -->
      <class name="com.crm.qa.testcases.LoginPageTest">
        <test-method is-config="true" signature="setup()[pri:0, instance:com.crm.qa.testcases.LoginPageTest@4a22f9e2]" started-at="2024-03-18T19:34:38 IST" name="setup" finished-at="2024-03-18T19:34:49 IST" duration-ms="10873" status="PASS">
          <reporter-output>
          </reporter-output>
        </test-method> <!-- setup -->
        <test-method signature="loginPageTitleTest()[pri:1, instance:com.crm.qa.testcases.LoginPageTest@4a22f9e2]" started-at="2024-03-18T19:34:49 IST" name="loginPageTitleTest" finished-at="2024-03-18T19:34:49 IST" duration-ms="21" status="PASS">
          <reporter-output>
          </reporter-output>
        </test-method> <!-- loginPageTitleTest -->
        <test-method is-config="true" signature="tearDown()[pri:0, instance:com.crm.qa.testcases.LoginPageTest@4a22f9e2]" started-at="2024-03-18T19:34:49 IST" name="tearDown" finished-at="2024-03-18T19:34:49 IST" duration-ms="188" status="PASS">
          <reporter-output>
          </reporter-output>
        </test-method> <!-- tearDown -->
        <test-method is-config="true" signature="setup()[pri:0, instance:com.crm.qa.testcases.LoginPageTest@4a22f9e2]" started-at="2024-03-18T19:34:49 IST" name="setup" finished-at="2024-03-18T19:35:00 IST" duration-ms="10686" status="PASS">
          <reporter-output>
          </reporter-output>
        </test-method> <!-- setup -->
        <test-method signature="crmLogoImageTest()[pri:2, instance:com.crm.qa.testcases.LoginPageTest@4a22f9e2]" started-at="2024-03-18T19:35:00 IST" name="crmLogoImageTest" finished-at="2024-03-18T19:35:00 IST" duration-ms="51" status="PASS">
          <reporter-output>
          </reporter-output>
        </test-method> <!-- crmLogoImageTest -->
        <test-method is-config="true" signature="tearDown()[pri:0, instance:com.crm.qa.testcases.LoginPageTest@4a22f9e2]" started-at="2024-03-18T19:35:00 IST" name="tearDown" finished-at="2024-03-18T19:35:00 IST" duration-ms="150" status="PASS">
          <reporter-output>
          </reporter-output>
        </test-method> <!-- tearDown -->
      </class> <!-- com.crm.qa.testcases.LoginPageTest -->
    </test> <!-- Surefire test -->
  </suite> <!-- Surefire suite -->
</testng-results>
