<?xml version="1.0" encoding="UTF-8"?>
<testng-results ignored="0" total="2" passed="2" failed="0" skipped="0">
  <reporter-output>
  </reporter-output>
  <suite started-at="2024-04-13T19:22:41 IST" name="Default suite" finished-at="2024-04-13T19:23:07 IST" duration-ms="25988">
    <groups>
    </groups>
    <test started-at="2024-04-13T19:22:41 IST" name="Default test" finished-at="2024-04-13T19:23:07 IST" duration-ms="25988">
      <class name="com.crm.qa.testcases.LoginPageTest">
        <test-method is-config="true" signature="setup()[pri:0, instance:com.crm.qa.testcases.LoginPageTest@42a48628]" started-at="2024-04-13T19:22:41 IST" name="setup" finished-at="2024-04-13T19:22:56 IST" duration-ms="14164" status="PASS">
          <reporter-output>
          </reporter-output>
        </test-method> <!-- setup -->
        <test-method signature="loginPageTitleTest()[pri:1, instance:com.crm.qa.testcases.LoginPageTest@42a48628]" started-at="2024-04-13T19:22:56 IST" name="loginPageTitleTest" finished-at="2024-04-13T19:22:56 IST" duration-ms="21" status="PASS">
          <reporter-output>
          </reporter-output>
        </test-method> <!-- loginPageTitleTest -->
        <test-method is-config="true" signature="tearDown()[pri:0, instance:com.crm.qa.testcases.LoginPageTest@42a48628]" started-at="2024-04-13T19:22:56 IST" name="tearDown" finished-at="2024-04-13T19:22:56 IST" duration-ms="148" status="PASS">
          <reporter-output>
          </reporter-output>
        </test-method> <!-- tearDown -->
        <test-method is-config="true" signature="setup()[pri:0, instance:com.crm.qa.testcases.LoginPageTest@42a48628]" started-at="2024-04-13T19:22:56 IST" name="setup" finished-at="2024-04-13T19:23:07 IST" duration-ms="11429" status="PASS">
          <reporter-output>
          </reporter-output>
        </test-method> <!-- setup -->
        <test-method signature="crmLogoImageTest()[pri:2, instance:com.crm.qa.testcases.LoginPageTest@42a48628]" started-at="2024-04-13T19:23:07 IST" name="crmLogoImageTest" finished-at="2024-04-13T19:23:07 IST" duration-ms="52" status="PASS">
          <reporter-output>
          </reporter-output>
        </test-method> <!-- crmLogoImageTest -->
        <test-method is-config="true" signature="tearDown()[pri:0, instance:com.crm.qa.testcases.LoginPageTest@42a48628]" started-at="2024-04-13T19:23:07 IST" name="tearDown" finished-at="2024-04-13T19:23:07 IST" duration-ms="133" status="PASS">
          <reporter-output>
          </reporter-output>
        </test-method> <!-- tearDown -->
      </class> <!-- com.crm.qa.testcases.LoginPageTest -->
    </test> <!-- Default test -->
  </suite> <!-- Default suite -->
</testng-results>
